# JRE version: Java(TM) SE Runtime Environment (20.0.1+9) (build 20.0.1+9-29)
# Java VM: Java HotSpot(TM) 64-Bit Server VM (20.0.1+9-29, mixed mode, sharing, tiered, compressed oops, compressed class ptrs, g1 gc, windows-amd64)
GC Precious Log:
 CardTable entry size: 512
 Card Set container configuration: InlinePtr #cards 5 size 8 Array Of Cards #cards 12 size 40 Howl #buckets 4 coarsen threshold 1843 Howl Bitmap #cards 512 size 80 coarsen threshold 460 Card regions per heap region 1 cards per card region 2048
 CPUs: 4 total, 4 available
 Memory: 3530M
 Large Page Support: Disabled
 NUMA Support: Disabled
 Compressed Oops: Enabled (32-bit)
 Heap Region Size: 1M
 Heap Min Capacity: 8M
 Heap Initial Capacity: 56M
 Heap Max Capacity: 884M
 Pre-touch: Disabled
 Parallel Workers: 4
 Concurrent Workers: 1
 Concurrent Refinement Workers: 4
 Periodic GC: Disabled
Heap:
 garbage-first heap   total 624640K, used 473519K [0x00000000c8c00000, 0x0000000100000000)
  region size 1024K, 5 young (5120K), 3 survivors (3072K)
 Metaspace       used 20202K, committed 20480K, reserved 1114112K
  class space    used 2249K, committed 2368K, reserved 1048576K
GC Heap History (20 events):
Event: 30.053 GC heap before
{Heap before GC invocations=17 (full 0):
 garbage-first heap   total 386048K, used 258991K [0x00000000c8c00000, 0x0000000100000000)
  region size 1024K, 36 young (36864K), 5 survivors (5120K)
 Metaspace       used 18884K, committed 19136K, reserved 1114112K
  class space    used 2073K, committed 2176K, reserved 1048576K
}
Event: 30.057 GC heap after
{Heap after GC invocations=18 (full 0):
 garbage-first heap   total 386048K, used 229692K [0x00000000c8c00000, 0x0000000100000000)
  region size 1024K, 5 young (5120K), 5 survivors (5120K)
 Metaspace       used 18884K, committed 19136K, reserved 1114112K
  class space    used 2073K, committed 2176K, reserved 1048576K
}
Event: 41.400 GC heap before
{Heap before GC invocations=19 (full 0):
 garbage-first heap   total 396288K, used 246076K [0x00000000c8c00000, 0x0000000100000000)
  region size 1024K, 16 young (16384K), 5 survivors (5120K)
 Metaspace       used 18949K, committed 19200K, reserved 1114112K
  class space    used 2079K, committed 2176K, reserved 1048576K
}
Event: 41.404 GC heap after
{Heap after GC invocations=20 (full 0):
 garbage-first heap   total 396288K, used 235443K [0x00000000c8c00000, 0x0000000100000000)
  region size 1024K, 5 young (5120K), 5 survivors (5120K)
 Metaspace       used 18949K, committed 19200K, reserved 1114112K
  class space    used 2079K, committed 2176K, reserved 1048576K
}
Event: 42.156 GC heap before
{Heap before GC invocations=21 (full 0):
 garbage-first heap   total 527360K, used 408499K [0x00000000c8c00000, 0x0000000100000000)
  region size 1024K, 99 young (101376K), 5 survivors (5120K)
 Metaspace       used 18950K, committed 19200K, reserved 1114112K
  class space    used 2079K, committed 2176K, reserved 1048576K
}
Event: 42.161 GC heap after
{Heap after GC invocations=22 (full 0):
 garbage-first heap   total 527360K, used 314491K [0x00000000c8c00000, 0x0000000100000000)
  region size 1024K, 5 young (5120K), 5 survivors (5120K)
 Metaspace       used 18950K, committed 19200K, reserved 1114112K
  class space    used 2079K, committed 2176K, reserved 1048576K
}
Event: 42.696 GC heap before
{Heap before GC invocations=23 (full 0):
 garbage-first heap   total 531456K, used 319611K [0x00000000c8c00000, 0x0000000100000000)
  region size 1024K, 9 young (9216K), 5 survivors (5120K)
 Metaspace       used 18962K, committed 19200K, reserved 1114112K
  class space    used 2079K, committed 2176K, reserved 1048576K
}
Event: 42.701 GC heap after
{Heap after GC invocations=24 (full 0):
 garbage-first heap   total 531456K, used 316740K [0x00000000c8c00000, 0x0000000100000000)
  region size 1024K, 5 young (5120K), 5 survivors (5120K)
 Metaspace       used 18962K, committed 19200K, reserved 1114112K
  class space    used 2079K, committed 2176K, reserved 1048576K
}
Event: 54.358 GC heap before
{Heap before GC invocations=25 (full 0):
 garbage-first heap   total 546816K, used 340292K [0x00000000c8c00000, 0x0000000100000000)
  region size 1024K, 19 young (19456K), 5 survivors (5120K)
 Metaspace       used 19161K, committed 19456K, reserved 1114112K
  class space    used 2098K, committed 2240K, reserved 1048576K
}
Event: 54.363 GC heap after
{Heap after GC invocations=26 (full 0):
 garbage-first heap   total 546816K, used 327191K [0x00000000c8c00000, 0x0000000100000000)
  region size 1024K, 5 young (5120K), 5 survivors (5120K)
 Metaspace       used 19161K, committed 19456K, reserved 1114112K
  class space    used 2098K, committed 2240K, reserved 1048576K
}
Event: 54.533 GC heap before
{Heap before GC invocations=27 (full 0):
 garbage-first heap   total 575488K, used 360983K [0x00000000c8c00000, 0x0000000100000000)
  region size 1024K, 23 young (23552K), 5 survivors (5120K)
 Metaspace       used 19161K, committed 19456K, reserved 1114112K
  class space    used 2098K, committed 2240K, reserved 1048576K
}
Event: 54.537 GC heap after
{Heap after GC invocations=28 (full 0):
 garbage-first heap   total 575488K, used 343162K [0x00000000c8c00000, 0x0000000100000000)
  region size 1024K, 5 young (5120K), 5 survivors (5120K)
 Metaspace       used 19161K, committed 19456K, reserved 1114112K
  class space    used 2098K, committed 2240K, reserved 1048576K
}
Event: 54.649 GC heap before
{Heap before GC invocations=29 (full 0):
 garbage-first heap   total 578560K, used 347258K [0x00000000c8c00000, 0x0000000100000000)
  region size 1024K, 8 young (8192K), 5 survivors (5120K)
 Metaspace       used 20030K, committed 20288K, reserved 1114112K
  class space    used 2240K, committed 2368K, reserved 1048576K
}
Event: 54.653 GC heap after
{Heap after GC invocations=30 (full 0):
 garbage-first heap   total 578560K, used 345821K [0x00000000c8c00000, 0x0000000100000000)
  region size 1024K, 5 young (5120K), 5 survivors (5120K)
 Metaspace       used 20030K, committed 20288K, reserved 1114112K
  class space    used 2240K, committed 2368K, reserved 1048576K
}
Event: 54.847 GC heap before
{Heap before GC invocations=31 (full 0):
 garbage-first heap   total 619520K, used 393949K [0x00000000c8c00000, 0x0000000100000000)
  region size 1024K, 29 young (29696K), 5 survivors (5120K)
 Metaspace       used 20031K, committed 20288K, reserved 1114112K
  class space    used 2240K, committed 2368K, reserved 1048576K
}
Event: 54.853 GC heap after
{Heap after GC invocations=32 (full 0):
 garbage-first heap   total 619520K, used 368961K [0x00000000c8c00000, 0x0000000100000000)
  region size 1024K, 5 young (5120K), 5 survivors (5120K)
 Metaspace       used 20031K, committed 20288K, reserved 1114112K
  class space    used 2240K, committed 2368K, reserved 1048576K
}
Event: 59.095 GC heap before
{Heap before GC invocations=33 (full 0):
 garbage-first heap   total 621568K, used 374081K [0x00000000c8c00000, 0x0000000100000000)
  region size 1024K, 10 young (10240K), 5 survivors (5120K)
 Metaspace       used 20121K, committed 20416K, reserved 1114112K
  class space    used 2244K, committed 2368K, reserved 1048576K
}
Event: 59.100 GC heap after
{Heap after GC invocations=34 (full 0):
 garbage-first heap   total 621568K, used 370016K [0x00000000c8c00000, 0x0000000100000000)
  region size 1024K, 6 young (6144K), 6 survivors (6144K)
 Metaspace       used 20121K, committed 20416K, reserved 1114112K
  class space    used 2244K, committed 2368K, reserved 1048576K
}
Event: 62.012 GC heap before
{Heap before GC invocations=35 (full 0):
 garbage-first heap   total 624640K, used 377184K [0x00000000c8c00000, 0x0000000100000000)
  region size 1024K, 12 young (12288K), 6 survivors (6144K)
 Metaspace       used 20201K, committed 20480K, reserved 1114112K
  class space    used 2249K, committed 2368K, reserved 1048576K
}
Event: 62.023 GC heap after
{Heap after GC invocations=36 (full 0):
 garbage-first heap   total 624640K, used 372143K [0x00000000c8c00000, 0x0000000100000000)
  region size 1024K, 3 young (3072K), 3 survivors (3072K)
 Metaspace       used 20201K, committed 20480K, reserved 1114112K
  class space    used 2249K, committed 2368K, reserved 1048576K
}

