# JRE version: Java(TM) SE Runtime Environment (20.0.1+9) (build 20.0.1+9-29)
# Java VM: Java HotSpot(TM) 64-Bit Server VM (20.0.1+9-29, mixed mode, sharing, tiered, compressed oops, compressed class ptrs, g1 gc, windows-amd64)
GC Precious Log:
 CardTable entry size: 512
 Card Set container configuration: InlinePtr #cards 5 size 8 Array Of Cards #cards 12 size 40 Howl #buckets 4 coarsen threshold 1843 Howl Bitmap #cards 512 size 80 coarsen threshold 460 Card regions per heap region 1 cards per card region 2048
 CPUs: 4 total, 4 available
 Memory: 3530M
 Large Page Support: Disabled
 NUMA Support: Disabled
 Compressed Oops: Enabled (32-bit)
 Heap Region Size: 1M
 Heap Min Capacity: 8M
 Heap Initial Capacity: 56M
 Heap Max Capacity: 884M
 Pre-touch: Disabled
 Parallel Workers: 4
 Concurrent Workers: 1
 Concurrent Refinement Workers: 4
 Periodic GC: Disabled
Heap:
 garbage-first heap   total 393216K, used 294583K [0x00000000c8c00000, 0x0000000100000000)
  region size 1024K, 5 young (5120K), 3 survivors (3072K)
 Metaspace       used 18871K, committed 19072K, reserved 1114112K
  class space    used 2090K, committed 2176K, reserved 1048576K
GC Heap History (20 events):
Event: 2.121 GC heap before
{Heap before GC invocations=4 (full 0):
 garbage-first heap   total 71680K, used 49913K [0x00000000c8c00000, 0x0000000100000000)
  region size 1024K, 13 young (13312K), 1 survivors (1024K)
 Metaspace       used 4732K, committed 4992K, reserved 1114112K
  class space    used 483K, committed 640K, reserved 1048576K
}
Event: 2.122 GC heap after
{Heap after GC invocations=5 (full 0):
 garbage-first heap   total 71680K, used 38599K [0x00000000c8c00000, 0x0000000100000000)
  region size 1024K, 1 young (1024K), 1 survivors (1024K)
 Metaspace       used 4732K, committed 4992K, reserved 1114112K
  class space    used 483K, committed 640K, reserved 1048576K
}
Event: 2.197 GC heap before
{Heap before GC invocations=5 (full 0):
 garbage-first heap   total 71680K, used 52935K [0x00000000c8c00000, 0x0000000100000000)
  region size 1024K, 16 young (16384K), 1 survivors (1024K)
 Metaspace       used 4741K, committed 4992K, reserved 1114112K
  class space    used 485K, committed 640K, reserved 1048576K
}
Event: 2.199 GC heap after
{Heap after GC invocations=6 (full 0):
 garbage-first heap   total 71680K, used 38627K [0x00000000c8c00000, 0x0000000100000000)
  region size 1024K, 1 young (1024K), 1 survivors (1024K)
 Metaspace       used 4741K, committed 4992K, reserved 1114112K
  class space    used 485K, committed 640K, reserved 1048576K
}
Event: 7.771 GC heap before
{Heap before GC invocations=7 (full 0):
 garbage-first heap   total 73728K, used 49891K [0x00000000c8c00000, 0x0000000100000000)
  region size 1024K, 10 young (10240K), 1 survivors (1024K)
 Metaspace       used 7403K, committed 7680K, reserved 1114112K
  class space    used 773K, committed 896K, reserved 1048576K
}
Event: 7.773 GC heap after
{Heap after GC invocations=8 (full 0):
 garbage-first heap   total 89088K, used 42040K [0x00000000c8c00000, 0x0000000100000000)
  region size 1024K, 1 young (1024K), 1 survivors (1024K)
 Metaspace       used 7403K, committed 7680K, reserved 1114112K
  class space    used 773K, committed 896K, reserved 1048576K
}
Event: 8.257 GC heap before
{Heap before GC invocations=9 (full 0):
 garbage-first heap   total 191488K, used 151608K [0x00000000c8c00000, 0x0000000100000000)
  region size 1024K, 40 young (40960K), 1 survivors (1024K)
 Metaspace       used 7405K, committed 7680K, reserved 1114112K
  class space    used 773K, committed 896K, reserved 1048576K
}
Event: 8.259 GC heap after
{Heap after GC invocations=10 (full 0):
 garbage-first heap   total 191488K, used 112699K [0x00000000c8c00000, 0x0000000100000000)
  region size 1024K, 1 young (1024K), 1 survivors (1024K)
 Metaspace       used 7405K, committed 7680K, reserved 1114112K
  class space    used 773K, committed 896K, reserved 1048576K
}
Event: 8.471 GC heap before
{Heap before GC invocations=10 (full 0):
 garbage-first heap   total 191488K, used 172091K [0x00000000c8c00000, 0x0000000100000000)
  region size 1024K, 60 young (61440K), 1 survivors (1024K)
 Metaspace       used 7406K, committed 7680K, reserved 1114112K
  class space    used 773K, committed 896K, reserved 1048576K
}
Event: 8.473 GC heap after
{Heap after GC invocations=11 (full 0):
 garbage-first heap   total 191488K, used 112728K [0x00000000c8c00000, 0x0000000100000000)
  region size 1024K, 1 young (1024K), 1 survivors (1024K)
 Metaspace       used 7406K, committed 7680K, reserved 1114112K
  class space    used 773K, committed 896K, reserved 1048576K
}
Event: 12.123 GC heap before
{Heap before GC invocations=12 (full 0):
 garbage-first heap   total 203776K, used 130136K [0x00000000c8c00000, 0x0000000100000000)
  region size 1024K, 12 young (12288K), 1 survivors (1024K)
 Metaspace       used 8760K, committed 9024K, reserved 1114112K
  class space    used 966K, committed 1088K, reserved 1048576K
}
Event: 12.125 GC heap after
{Heap after GC invocations=13 (full 0):
 garbage-first heap   total 203776K, used 120018K [0x00000000c8c00000, 0x0000000100000000)
  region size 1024K, 1 young (1024K), 1 survivors (1024K)
 Metaspace       used 8760K, committed 9024K, reserved 1114112K
  class space    used 966K, committed 1088K, reserved 1048576K
}
Event: 13.132 GC heap before
{Heap before GC invocations=14 (full 0):
 garbage-first heap   total 370688K, used 290002K [0x00000000c8c00000, 0x0000000100000000)
  region size 1024K, 70 young (71680K), 1 survivors (1024K)
 Metaspace       used 8760K, committed 9024K, reserved 1114112K
  class space    used 966K, committed 1088K, reserved 1048576K
}
Event: 13.134 GC heap after
{Heap after GC invocations=15 (full 0):
 garbage-first heap   total 370688K, used 220390K [0x00000000c8c00000, 0x0000000100000000)
  region size 1024K, 1 young (1024K), 1 survivors (1024K)
 Metaspace       used 8760K, committed 9024K, reserved 1114112K
  class space    used 966K, committed 1088K, reserved 1048576K
}
Event: 13.634 GC heap before
{Heap before GC invocations=15 (full 0):
 garbage-first heap   total 370688K, used 325862K [0x00000000c8c00000, 0x0000000100000000)
  region size 1024K, 106 young (108544K), 1 survivors (1024K)
 Metaspace       used 8760K, committed 9024K, reserved 1114112K
  class space    used 966K, committed 1088K, reserved 1048576K
}
Event: 13.637 GC heap after
{Heap after GC invocations=16 (full 0):
 garbage-first heap   total 370688K, used 220388K [0x00000000c8c00000, 0x0000000100000000)
  region size 1024K, 1 young (1024K), 1 survivors (1024K)
 Metaspace       used 8760K, committed 9024K, reserved 1114112K
  class space    used 966K, committed 1088K, reserved 1048576K
}
Event: 52.326 GC heap before
{Heap before GC invocations=17 (full 0):
 garbage-first heap   total 373760K, used 240868K [0x00000000c8c00000, 0x0000000100000000)
  region size 1024K, 20 young (20480K), 1 survivors (1024K)
 Metaspace       used 18626K, committed 18944K, reserved 1114112K
  class space    used 2057K, committed 2176K, reserved 1048576K
}
Event: 52.336 GC heap after
{Heap after GC invocations=18 (full 0):
 garbage-first heap   total 373760K, used 224974K [0x00000000c8c00000, 0x0000000100000000)
  region size 1024K, 4 young (4096K), 4 survivors (4096K)
 Metaspace       used 18626K, committed 18944K, reserved 1114112K
  class space    used 2057K, committed 2176K, reserved 1048576K
}
Event: 65.301 GC heap before
{Heap before GC invocations=19 (full 0):
 garbage-first heap   total 393216K, used 242382K [0x00000000c8c00000, 0x0000000100000000)
  region size 1024K, 16 young (16384K), 4 survivors (4096K)
 Metaspace       used 18852K, committed 19072K, reserved 1114112K
  class space    used 2089K, committed 2176K, reserved 1048576K
}
Event: 65.311 GC heap after
{Heap after GC invocations=20 (full 0):
 garbage-first heap   total 393216K, used 232119K [0x00000000c8c00000, 0x0000000100000000)
  region size 1024K, 3 young (3072K), 3 survivors (3072K)
 Metaspace       used 18852K, committed 19072K, reserved 1114112K
  class space    used 2089K, committed 2176K, reserved 1048576K
}

