# JRE version: Java(TM) SE Runtime Environment (20.0.1+9) (build 20.0.1+9-29)
# Java VM: Java HotSpot(TM) 64-Bit Server VM (20.0.1+9-29, mixed mode, sharing, tiered, compressed oops, compressed class ptrs, g1 gc, windows-amd64)
GC Precious Log:
 CardTable entry size: 512
 Card Set container configuration: InlinePtr #cards 5 size 8 Array Of Cards #cards 12 size 40 Howl #buckets 4 coarsen threshold 1843 Howl Bitmap #cards 512 size 80 coarsen threshold 460 Card regions per heap region 1 cards per card region 2048
 CPUs: 4 total, 4 available
 Memory: 3530M
 Large Page Support: Disabled
 NUMA Support: Disabled
 Compressed Oops: Enabled (32-bit)
 Heap Region Size: 1M
 Heap Min Capacity: 8M
 Heap Initial Capacity: 56M
 Heap Max Capacity: 884M
 Pre-touch: Disabled
 Parallel Workers: 4
 Concurrent Workers: 1
 Concurrent Refinement Workers: 4
 Periodic GC: Disabled
Heap:
 garbage-first heap   total 242688K, used 190611K [0x00000000c8c00000, 0x0000000100000000)
  region size 1024K, 2 young (2048K), 1 survivors (1024K)
 Metaspace       used 7353K, committed 7616K, reserved 1114112K
  class space    used 802K, committed 896K, reserved 1048576K
GC Heap History (12 events):
Event: 0.546 GC heap before
{Heap before GC invocations=0 (full 0):
 garbage-first heap   total 57344K, used 10240K [0x00000000c8c00000, 0x0000000100000000)
  region size 1024K, 9 young (9216K), 0 survivors (0K)
 Metaspace       used 5041K, committed 5312K, reserved 1114112K
  class space    used 526K, committed 640K, reserved 1048576K
}
Event: 0.552 GC heap after
{Heap after GC invocations=1 (full 0):
 garbage-first heap   total 57344K, used 4744K [0x00000000c8c00000, 0x0000000100000000)
  region size 1024K, 2 young (2048K), 2 survivors (2048K)
 Metaspace       used 5041K, committed 5312K, reserved 1114112K
  class space    used 526K, committed 640K, reserved 1048576K
}
Event: 0.724 GC heap before
{Heap before GC invocations=1 (full 0):
 garbage-first heap   total 136192K, used 93832K [0x00000000c8c00000, 0x0000000100000000)
  region size 1024K, 13 young (13312K), 2 survivors (2048K)
 Metaspace       used 5053K, committed 5312K, reserved 1114112K
  class space    used 526K, committed 640K, reserved 1048576K
}
Event: 0.728 GC heap after
{Heap after GC invocations=2 (full 0):
 garbage-first heap   total 136192K, used 83898K [0x00000000c8c00000, 0x0000000100000000)
  region size 1024K, 1 young (1024K), 1 survivors (1024K)
 Metaspace       used 5053K, committed 5312K, reserved 1114112K
  class space    used 526K, committed 640K, reserved 1048576K
}
Event: 1.004 GC heap before
{Heap before GC invocations=2 (full 0):
 garbage-first heap   total 136192K, used 124858K [0x00000000c8c00000, 0x0000000100000000)
  region size 1024K, 42 young (43008K), 1 survivors (1024K)
 Metaspace       used 5053K, committed 5312K, reserved 1114112K
  class space    used 526K, committed 640K, reserved 1048576K
}
Event: 1.005 GC heap after
{Heap after GC invocations=3 (full 0):
 garbage-first heap   total 136192K, used 83794K [0x00000000c8c00000, 0x0000000100000000)
  region size 1024K, 1 young (1024K), 1 survivors (1024K)
 Metaspace       used 5053K, committed 5312K, reserved 1114112K
  class space    used 526K, committed 640K, reserved 1048576K
}
Event: 1.171 GC heap before
{Heap before GC invocations=4 (full 0):
 garbage-first heap   total 147456K, used 124754K [0x00000000c8c00000, 0x0000000100000000)
  region size 1024K, 42 young (43008K), 1 survivors (1024K)
 Metaspace       used 5053K, committed 5312K, reserved 1114112K
  class space    used 526K, committed 640K, reserved 1048576K
}
Event: 1.172 GC heap after
{Heap after GC invocations=5 (full 0):
 garbage-first heap   total 147456K, used 83752K [0x00000000c8c00000, 0x0000000100000000)
  region size 1024K, 1 young (1024K), 1 survivors (1024K)
 Metaspace       used 5053K, committed 5312K, reserved 1114112K
  class space    used 526K, committed 640K, reserved 1048576K
}
Event: 1.238 GC heap before
{Heap before GC invocations=5 (full 0):
 garbage-first heap   total 147456K, used 97064K [0x00000000c8c00000, 0x0000000100000000)
  region size 1024K, 16 young (16384K), 1 survivors (1024K)
 Metaspace       used 5053K, committed 5312K, reserved 1114112K
  class space    used 526K, committed 640K, reserved 1048576K
}
Event: 1.239 GC heap after
{Heap after GC invocations=6 (full 0):
 garbage-first heap   total 147456K, used 83784K [0x00000000c8c00000, 0x0000000100000000)
  region size 1024K, 1 young (1024K), 1 survivors (1024K)
 Metaspace       used 5053K, committed 5312K, reserved 1114112K
  class space    used 526K, committed 640K, reserved 1048576K
}
Event: 4.956 GC heap before
{Heap before GC invocations=7 (full 0):
 garbage-first heap   total 153600K, used 100168K [0x00000000c8c00000, 0x0000000100000000)
  region size 1024K, 12 young (12288K), 1 survivors (1024K)
 Metaspace       used 7352K, committed 7616K, reserved 1114112K
  class space    used 802K, committed 896K, reserved 1048576K
}
Event: 4.957 GC heap after
{Heap after GC invocations=8 (full 0):
 garbage-first heap   total 153600K, used 90259K [0x00000000c8c00000, 0x0000000100000000)
  region size 1024K, 1 young (1024K), 1 survivors (1024K)
 Metaspace       used 7352K, committed 7616K, reserved 1114112K
  class space    used 802K, committed 896K, reserved 1048576K
}

